
**** Build of configuration Debug for project Machine1 ****

"D:\\Texas Instruments\\ccs\\utils\\bin\\gmake" -k -j 12 all -O 
 
Building file: "../main.c"
Invoking: MSP430 Compiler
"D:/Texas Instruments/ccs/tools/compiler/ti-cgt-msp430_21.6.1.LTS/bin/cl430" -vmsp --use_hw_mpy=none --include_path="D:/Texas Instruments/ccs/ccs_base/msp430/include" --include_path="D:/ccs workspace/Machine1" --include_path="D:/Texas Instruments/ccs/tools/compiler/ti-cgt-msp430_21.6.1.LTS/include" --advice:power=all --define=__MSP430G2553__ -g --printf_support=minimal --diag_warning=225 --diag_wrap=off --display_error_number --preproc_with_compile --preproc_dependency="main.d_raw"  "../main.c"
"../main.c", line 88: warning #169-D: argument of type "char *" is incompatible with parameter of type "unsigned char *"
"../main.c", line 65: remark #1527-D: (ULP 2.1) Detected SW delay loop using __delay_cycles. Recommend using a timer module instead
"../main.c", line 72: remark #1533-D: (ULP 6.1) Detected use of multiplication on a device that has no hardware multiplier
"../main.c", line 74: remark #1530-D: (ULP 5.1) Detected divide operation(s). Recommend moving them to RAM during run time or not using as these are processing/power intensive
"../main.c", line 104: remark #1528-D: (ULP 3.1) Detected flag polling using IFG2. Recommend using an interrupt combined with enter LPMx and ISR
"../main.c", line 108: remark #1527-D: (ULP 2.1) Detected SW delay loop using __delay_cycles. Recommend using a timer module instead
"../main.c", line 131: warning #64-D: shift count is too large
"../main.c", line 131: warning #64-D: shift count is too large
"../main.c", line 132: warning #64-D: shift count is too large
"../main.c", line 132: warning #64-D: shift count is too large
"../main.c", line 136: remark #1544-D: (ULP 13.1) Detected loop counting up. Recommend loops count down as detecting zeros is easier
"../main.c", line 133: remark #1535-D: (ULP 8.1) variable "delta" is used as a constant. Recommend declaring variable as either 'static const' or 'const'
"../main.c", line 152: warning #64-D: shift count is too large
"../main.c", line 152: warning #64-D: shift count is too large
"../main.c", line 153: warning #64-D: shift count is too large
"../main.c", line 153: warning #64-D: shift count is too large
"../main.c", line 157: remark #1544-D: (ULP 13.1) Detected loop counting up. Recommend loops count down as detecting zeros is easier
"../main.c", line 155: remark #1535-D: (ULP 8.1) variable "delta" is used as a constant. Recommend declaring variable as either 'static const' or 'const'
"D:/Texas Instruments/ccs/tools/compiler/ti-cgt-msp430_21.6.1.LTS/include/_defs.h", line 334 (col. 37): remark #1531-D: (ULP 5.2) Detected floating point operation(s). Recommend moving them to RAM during run time or not using as these are processing/power intensive
"D:/Texas Instruments/ccs/tools/compiler/ti-cgt-msp430_21.6.1.LTS/include/_defs.h", line 335 (col. 10): remark #1531-D: (ULP 5.2) Detected floating point operation(s). Recommend moving them to RAM during run time or not using as these are processing/power intensive
"D:/Texas Instruments/ccs/tools/compiler/ti-cgt-msp430_21.6.1.LTS/include/_defs.h", line 336 (col. 37): remark #1531-D: (ULP 5.2) Detected floating point operation(s). Recommend moving them to RAM during run time or not using as these are processing/power intensive
"D:/Texas Instruments/ccs/tools/compiler/ti-cgt-msp430_21.6.1.LTS/include/_defs.h", line 337 (col. 10): remark #1531-D: (ULP 5.2) Detected floating point operation(s). Recommend moving them to RAM during run time or not using as these are processing/power intensive
"D:/Texas Instruments/ccs/tools/compiler/ti-cgt-msp430_21.6.1.LTS/include/_defs.h", line 338 (col. 37): remark #1531-D: (ULP 5.2) Detected floating point operation(s). Recommend moving them to RAM during run time or not using as these are processing/power intensive
"D:/Texas Instruments/ccs/tools/compiler/ti-cgt-msp430_21.6.1.LTS/include/_defs.h", line 339 (col. 10): remark #1531-D: (ULP 5.2) Detected floating point operation(s). Recommend moving them to RAM during run time or not using as these are processing/power intensive
"D:/Texas Instruments/ccs/tools/compiler/ti-cgt-msp430_21.6.1.LTS/include/_defs.h", line 341 (col. 37): remark #1531-D: (ULP 5.2) Detected floating point operation(s). Recommend moving them to RAM during run time or not using as these are processing/power intensive
"D:/Texas Instruments/ccs/tools/compiler/ti-cgt-msp430_21.6.1.LTS/include/_defs.h", line 342 (col. 10): remark #1531-D: (ULP 5.2) Detected floating point operation(s). Recommend moving them to RAM during run time or not using as these are processing/power intensive
"D:/Texas Instruments/ccs/tools/compiler/ti-cgt-msp430_21.6.1.LTS/include/_defs.h", line 343 (col. 10): remark #1531-D: (ULP 5.2) Detected floating point operation(s). Recommend moving them to RAM during run time or not using as these are processing/power intensive
"D:/Texas Instruments/ccs/tools/compiler/ti-cgt-msp430_21.6.1.LTS/include/_defs.h", line 344 (col. 37): remark #1531-D: (ULP 5.2) Detected floating point operation(s). Recommend moving them to RAM during run time or not using as these are processing/power intensive
"D:/Texas Instruments/ccs/tools/compiler/ti-cgt-msp430_21.6.1.LTS/include/_defs.h", line 345 (col. 10): remark #1531-D: (ULP 5.2) Detected floating point operation(s). Recommend moving them to RAM during run time or not using as these are processing/power intensive
"D:/Texas Instruments/ccs/tools/compiler/ti-cgt-msp430_21.6.1.LTS/include/_defs.h", line 346 (col. 10): remark #1531-D: (ULP 5.2) Detected floating point operation(s). Recommend moving them to RAM during run time or not using as these are processing/power intensive
"D:/Texas Instruments/ccs/tools/compiler/ti-cgt-msp430_21.6.1.LTS/include/_defs.h", line 347 (col. 37): remark #1531-D: (ULP 5.2) Detected floating point operation(s). Recommend moving them to RAM during run time or not using as these are processing/power intensive
"D:/Texas Instruments/ccs/tools/compiler/ti-cgt-msp430_21.6.1.LTS/include/_defs.h", line 348 (col. 10): remark #1531-D: (ULP 5.2) Detected floating point operation(s). Recommend moving them to RAM during run time or not using as these are processing/power intensive
"D:/Texas Instruments/ccs/tools/compiler/ti-cgt-msp430_21.6.1.LTS/include/_defs.h", line 349 (col. 10): remark #1531-D: (ULP 5.2) Detected floating point operation(s). Recommend moving them to RAM during run time or not using as these are processing/power intensive
"D:/Texas Instruments/ccs/tools/compiler/ti-cgt-msp430_21.6.1.LTS/include/_defs.h", line 351 (col. 37): remark #1531-D: (ULP 5.2) Detected floating point operation(s). Recommend moving them to RAM during run time or not using as these are processing/power intensive
"D:/Texas Instruments/ccs/tools/compiler/ti-cgt-msp430_21.6.1.LTS/include/_defs.h", line 352 (col. 11): remark #1531-D: (ULP 5.2) Detected floating point operation(s). Recommend moving them to RAM during run time or not using as these are processing/power intensive
"D:/Texas Instruments/ccs/tools/compiler/ti-cgt-msp430_21.6.1.LTS/include/_defs.h", line 353 (col. 11): remark #1531-D: (ULP 5.2) Detected floating point operation(s). Recommend moving them to RAM during run time or not using as these are processing/power intensive
"D:/Texas Instruments/ccs/tools/compiler/ti-cgt-msp430_21.6.1.LTS/include/_defs.h", line 355 (col. 37): remark #1531-D: (ULP 5.2) Detected floating point operation(s). Recommend moving them to RAM during run time or not using as these are processing/power intensive
"D:/Texas Instruments/ccs/tools/compiler/ti-cgt-msp430_21.6.1.LTS/include/_defs.h", line 356 (col. 11): remark #1531-D: (ULP 5.2) Detected floating point operation(s). Recommend moving them to RAM during run time or not using as these are processing/power intensive
"D:/Texas Instruments/ccs/tools/compiler/ti-cgt-msp430_21.6.1.LTS/include/_defs.h", line 357 (col. 11): remark #1531-D: (ULP 5.2) Detected floating point operation(s). Recommend moving them to RAM during run time or not using as these are processing/power intensive
"D:/Texas Instruments/ccs/tools/compiler/ti-cgt-msp430_21.6.1.LTS/include/_defs.h", line 359 (col. 37): remark #1531-D: (ULP 5.2) Detected floating point operation(s). Recommend moving them to RAM during run time or not using as these are processing/power intensive
"D:/Texas Instruments/ccs/tools/compiler/ti-cgt-msp430_21.6.1.LTS/include/_defs.h", line 360 (col. 11): remark #1531-D: (ULP 5.2) Detected floating point operation(s). Recommend moving them to RAM during run time or not using as these are processing/power intensive
"D:/Texas Instruments/ccs/tools/compiler/ti-cgt-msp430_21.6.1.LTS/include/_defs.h", line 361 (col. 11): remark #1531-D: (ULP 5.2) Detected floating point operation(s). Recommend moving them to RAM during run time or not using as these are processing/power intensive
"D:/Texas Instruments/ccs/tools/compiler/ti-cgt-msp430_21.6.1.LTS/include/_defs.h", line 363 (col. 37): remark #1531-D: (ULP 5.2) Detected floating point operation(s). Recommend moving them to RAM during run time or not using as these are processing/power intensive
"D:/Texas Instruments/ccs/tools/compiler/ti-cgt-msp430_21.6.1.LTS/include/_defs.h", line 364 (col. 10): remark #1531-D: (ULP 5.2) Detected floating point operation(s). Recommend moving them to RAM during run time or not using as these are processing/power intensive
"D:/Texas Instruments/ccs/tools/compiler/ti-cgt-msp430_21.6.1.LTS/include/_defs.h", line 365 (col. 37): remark #1531-D: (ULP 5.2) Detected floating point operation(s). Recommend moving them to RAM during run time or not using as these are processing/power intensive
"D:/Texas Instruments/ccs/tools/compiler/ti-cgt-msp430_21.6.1.LTS/include/_defs.h", line 366 (col. 10): remark #1531-D: (ULP 5.2) Detected floating point operation(s). Recommend moving them to RAM during run time or not using as these are processing/power intensive
"D:/Texas Instruments/ccs/tools/compiler/ti-cgt-msp430_21.6.1.LTS/include/_defs.h", line 367 (col. 37): remark #1531-D: (ULP 5.2) Detected floating point operation(s). Recommend moving them to RAM during run time or not using as these are processing/power intensive
"D:/Texas Instruments/ccs/tools/compiler/ti-cgt-msp430_21.6.1.LTS/include/_defs.h", line 368 (col. 10): remark #1531-D: (ULP 5.2) Detected floating point operation(s). Recommend moving them to RAM during run time or not using as these are processing/power intensive
"D:/Texas Instruments/ccs/tools/compiler/ti-cgt-msp430_21.6.1.LTS/include/_defs.h", line 374 (col. 37): remark #1531-D: (ULP 5.2) Detected floating point operation(s). Recommend moving them to RAM during run time or not using as these are processing/power intensive
"D:/Texas Instruments/ccs/tools/compiler/ti-cgt-msp430_21.6.1.LTS/include/_defs.h", line 375 (col. 10): remark #1531-D: (ULP 5.2) Detected floating point operation(s). Recommend moving them to RAM during run time or not using as these are processing/power intensive
"D:/Texas Instruments/ccs/tools/compiler/ti-cgt-msp430_21.6.1.LTS/include/_defs.h", line 376 (col. 37): remark #1531-D: (ULP 5.2) Detected floating point operation(s). Recommend moving them to RAM during run time or not using as these are processing/power intensive
"D:/Texas Instruments/ccs/tools/compiler/ti-cgt-msp430_21.6.1.LTS/include/_defs.h", line 377 (col. 10): remark #1531-D: (ULP 5.2) Detected floating point operation(s). Recommend moving them to RAM during run time or not using as these are processing/power intensive
"D:/Texas Instruments/ccs/tools/compiler/ti-cgt-msp430_21.6.1.LTS/include/_defs.h", line 378 (col. 37): remark #1531-D: (ULP 5.2) Detected floating point operation(s). Recommend moving them to RAM during run time or not using as these are processing/power intensive
"D:/Texas Instruments/ccs/tools/compiler/ti-cgt-msp430_21.6.1.LTS/include/_defs.h", line 379 (col. 10): remark #1531-D: (ULP 5.2) Detected floating point operation(s). Recommend moving them to RAM during run time or not using as these are processing/power intensive
"D:/Texas Instruments/ccs/tools/compiler/ti-cgt-msp430_21.6.1.LTS/include/_defs.h", line 396 (col. 37): remark #1531-D: (ULP 5.2) Detected floating point operation(s). Recommend moving them to RAM during run time or not using as these are processing/power intensive
"D:/Texas Instruments/ccs/tools/compiler/ti-cgt-msp430_21.6.1.LTS/include/_defs.h", line 398 (col. 9): remark #1531-D: (ULP 5.2) Detected floating point operation(s). Recommend moving them to RAM during run time or not using as these are processing/power intensive
"D:/Texas Instruments/ccs/tools/compiler/ti-cgt-msp430_21.6.1.LTS/include/_defs.h", line 400 (col. 13): remark #1531-D: (ULP 5.2) Detected floating point operation(s). Recommend moving them to RAM during run time or not using as these are processing/power intensive
"D:/Texas Instruments/ccs/tools/compiler/ti-cgt-msp430_21.6.1.LTS/include/_defs.h", line 404 (col. 9): remark #1531-D: (ULP 5.2) Detected floating point operation(s). Recommend moving them to RAM during run time or not using as these are processing/power intensive
"D:/Texas Instruments/ccs/tools/compiler/ti-cgt-msp430_21.6.1.LTS/include/_defs.h", line 406 (col. 13): remark #1531-D: (ULP 5.2) Detected floating point operation(s). Recommend moving them to RAM during run time or not using as these are processing/power intensive
"D:/Texas Instruments/ccs/tools/compiler/ti-cgt-msp430_21.6.1.LTS/include/_defs.h", line 413 (col. 37): remark #1531-D: (ULP 5.2) Detected floating point operation(s). Recommend moving them to RAM during run time or not using as these are processing/power intensive
"D:/Texas Instruments/ccs/tools/compiler/ti-cgt-msp430_21.6.1.LTS/include/_defs.h", line 415 (col. 9): remark #1531-D: (ULP 5.2) Detected floating point operation(s). Recommend moving them to RAM during run time or not using as these are processing/power intensive
"D:/Texas Instruments/ccs/tools/compiler/ti-cgt-msp430_21.6.1.LTS/include/_defs.h", line 417 (col. 13): remark #1531-D: (ULP 5.2) Detected floating point operation(s). Recommend moving them to RAM during run time or not using as these are processing/power intensive
"D:/Texas Instruments/ccs/tools/compiler/ti-cgt-msp430_21.6.1.LTS/include/_defs.h", line 421 (col. 9): remark #1531-D: (ULP 5.2) Detected floating point operation(s). Recommend moving them to RAM during run time or not using as these are processing/power intensive
"D:/Texas Instruments/ccs/tools/compiler/ti-cgt-msp430_21.6.1.LTS/include/_defs.h", line 423 (col. 13): remark #1531-D: (ULP 5.2) Detected floating point operation(s). Recommend moving them to RAM during run time or not using as these are processing/power intensive
"D:/Texas Instruments/ccs/tools/compiler/ti-cgt-msp430_21.6.1.LTS/include/_defs.h", line 430 (col. 37): remark #1531-D: (ULP 5.2) Detected floating point operation(s). Recommend moving them to RAM during run time or not using as these are processing/power intensive
"D:/Texas Instruments/ccs/tools/compiler/ti-cgt-msp430_21.6.1.LTS/include/_defs.h", line 432 (col. 9): remark #1531-D: (ULP 5.2) Detected floating point operation(s). Recommend moving them to RAM during run time or not using as these are processing/power intensive
"D:/Texas Instruments/ccs/tools/compiler/ti-cgt-msp430_21.6.1.LTS/include/_defs.h", line 434 (col. 13): remark #1531-D: (ULP 5.2) Detected floating point operation(s). Recommend moving them to RAM during run time or not using as these are processing/power intensive
"D:/Texas Instruments/ccs/tools/compiler/ti-cgt-msp430_21.6.1.LTS/include/_defs.h", line 438 (col. 9): remark #1531-D: (ULP 5.2) Detected floating point operation(s). Recommend moving them to RAM during run time or not using as these are processing/power intensive
"D:/Texas Instruments/ccs/tools/compiler/ti-cgt-msp430_21.6.1.LTS/include/_defs.h", line 440 (col. 13): remark #1531-D: (ULP 5.2) Detected floating point operation(s). Recommend moving them to RAM during run time or not using as these are processing/power intensive
"../main.c", line 72 (col. 17): remark #1531-D: (ULP 5.2) Detected floating point operation(s). Recommend moving them to RAM during run time or not using as these are processing/power intensive
"../main.c", line 74 (col. 21): remark #1531-D: (ULP 5.2) Detected floating point operation(s). Recommend moving them to RAM during run time or not using as these are processing/power intensive
"../main.c", line 75 (col. 22): remark #1531-D: (ULP 5.2) Detected floating point operation(s). Recommend moving them to RAM during run time or not using as these are processing/power intensive
"../main.c", line 193 (col. 17): remark #1531-D: (ULP 5.2) Detected floating point operation(s). Recommend moving them to RAM during run time or not using as these are processing/power intensive
Finished building: "../main.c"
 
Building target: "Machine1.out"
Invoking: MSP430 Linker
"D:/Texas Instruments/ccs/tools/compiler/ti-cgt-msp430_21.6.1.LTS/bin/cl430" -vmsp --use_hw_mpy=none --advice:power=all --define=__MSP430G2553__ -g --printf_support=minimal --diag_warning=225 --diag_wrap=off --display_error_number -z -m"Machine1.map" --heap_size=80 --stack_size=80 -i"D:/Texas Instruments/ccs/ccs_base/msp430/include" -i"D:/Texas Instruments/ccs/tools/compiler/ti-cgt-msp430_21.6.1.LTS/lib" -i"D:/Texas Instruments/ccs/tools/compiler/ti-cgt-msp430_21.6.1.LTS/include" --reread_libs --diag_wrap=off --display_error_number --warn_sections --xml_link_info="Machine1_linkInfo.xml" --use_hw_mpy=none --rom_model -o "Machine1.out" "./main.obj" "../lnk_msp430g2553.cmd"  -llibc.a 
<Linking>
remark #10372-D: (ULP 4.1) Detected uninitialized Port 3 in this project. Recommend initializing all unused ports to eliminate wasted current consumption on unused pins.
Finished building target: "Machine1.out"
 

**** Build Finished ****
